<?xml version="1.0" encoding="UTF-8"?>
<!-- Generated by org.testng.reporters.JUnitReportReporter -->
<testsuite hostname="NIS-PK569s-MacBook-Pro.local" failures="0" tests="1" name="com.uiautomation.AppTest" time="14.721" errors="0" timestamp="2022-08-10T02:48:36 PKT" skipped="0">
  <testcase classname="com.uiautomation.AppTest" name="test" time="14.721"/>
  <system-out/>
</testsuite> <!-- com.uiautomation.AppTest -->
