<?xml version="1.0" encoding="UTF-8"?>
<!-- Generated by org.testng.reporters.JUnitReportReporter -->
<testsuite hostname="NIS-PK569s-MacBook-Pro.local" failures="0" tests="1" name="com.uiautomation.Test2" time="21.256" errors="0" timestamp="2022-08-16T12:22:32 PKT" skipped="0">
  <testcase classname="com.uiautomation.Test2" name="postReview2" time="21.256"/>
  <system-out/>
</testsuite> <!-- com.uiautomation.Test2 -->
