<?xml version="1.0" encoding="UTF-8"?>
<!-- Generated by org.testng.reporters.JUnitReportReporter -->
<testsuite hostname="NIS-PK569s-MacBook-Pro.local" failures="0" tests="1" name="com.uiautomation.WalletHubReviewTest" time="36.253" errors="0" timestamp="2022-08-16T18:25:30 PKT" skipped="0">
  <testcase classname="com.uiautomation.WalletHubReviewTest" name="postReview" time="36.253"/>
  <system-out/>
</testsuite> <!-- com.uiautomation.WalletHubReviewTest -->
