<?xml version="1.0" encoding="UTF-8"?>
<!-- Generated by org.testng.reporters.JUnitReportReporter -->
<testsuite hostname="NIS-PK569s-MacBook-Pro.local" failures="0" tests="1" name="com.uiautomation.PostStatusTest" time="19.953" errors="0" timestamp="2022-08-15T12:01:10 PKT" skipped="0">
  <testcase classname="com.uiautomation.PostStatusTest" name="postStatus" time="19.953"/>
  <system-out/>
</testsuite> <!-- com.uiautomation.PostStatusTest -->
