<?xml version="1.0" encoding="UTF-8"?>
<!-- Generated by org.testng.reporters.JUnitReportReporter -->
<testsuite hostname="NIS-PK569s-MacBook-Pro.local" failures="0" tests="1" name="com.uiautomation.FacebookStatusTest" time="33.137" errors="0" timestamp="2022-08-16T19:16:42 PKT" skipped="0">
  <testcase classname="com.uiautomation.FacebookStatusTest" name="postFacebookStatus" time="33.137"/>
  <system-out/>
</testsuite> <!-- com.uiautomation.FacebookStatusTest -->
